2022-08-01 15:26:39,058 [Worker-6: Loading available Gradle versions] INFO  o.e.b.c.i.u.g.PublishedGradleVersions - Gradle version information cache is up-to-date. Trying to read.
2022-08-01 16:34:19,054 [Worker-1: Loading available Gradle versions] INFO  o.e.b.c.i.u.g.PublishedGradleVersions - Gradle version information cache is up-to-date. Trying to read.
2022-08-02 10:21:03,250 [Worker-6: Loading available Gradle versions] INFO  o.e.b.c.i.u.g.PublishedGradleVersions - Gradle version information cache is up-to-date. Trying to read.
2022-08-03 09:11:05,415 [Worker-2: Loading available Gradle versions] INFO  o.e.b.c.i.u.g.PublishedGradleVersions - Gradle version information cache is out-of-date. Trying to update.
2022-08-03 13:35:20,301 [Worker-3: Loading available Gradle versions] INFO  o.e.b.c.i.u.g.PublishedGradleVersions - Gradle version information cache is up-to-date. Trying to read.
2022-08-03 21:40:22,163 [Worker-3: Loading available Gradle versions] INFO  o.e.b.c.i.u.g.PublishedGradleVersions - Gradle version information cache is up-to-date. Trying to read.
2022-08-04 09:07:02,892 [Worker-4: Loading available Gradle versions] INFO  o.e.b.c.i.u.g.PublishedGradleVersions - Gradle version information cache is up-to-date. Trying to read.
2022-08-04 20:48:15,276 [Worker-4: Loading available Gradle versions] INFO  o.e.b.c.i.u.g.PublishedGradleVersions - Gradle version information cache is out-of-date. Trying to update.
2022-08-05 09:02:00,065 [Worker-4: Loading available Gradle versions] INFO  o.e.b.c.i.u.g.PublishedGradleVersions - Gradle version information cache is up-to-date. Trying to read.
2022-08-05 14:55:22,550 [Text Viewer Hover Presenter] INFO  o.t.e.e.d.ProjectDependencyDialectLocator - Scanning for dialect help files on project dependencies
2022-08-05 14:55:23,415 [pool-16-thread-2] INFO  o.t.e.e.d.ProjectDependencyDialectLocator - Help file found: LayoutDialect.xml
2022-08-05 14:55:23,453 [pool-16-thread-4] INFO  o.t.e.e.d.ProjectDependencyDialectLocator - Help file found: Java8Time.xml
2022-08-05 14:55:23,615 [pool-16-thread-2] INFO  o.t.e.e.d.ProjectDependencyDialectLocator - Help file found: Standard-Dialect.xml
2022-08-07 13:39:20,873 [Worker-6: Loading available Gradle versions] INFO  o.e.b.c.i.u.g.PublishedGradleVersions - Gradle version information cache is up-to-date. Trying to read.
2022-08-07 22:29:06,314 [Text Viewer Hover Presenter] INFO  o.t.e.e.d.ProjectDependencyDialectLocator - Scanning for dialect help files on project dependencies
2022-08-07 22:29:07,997 [pool-11-thread-2] INFO  o.t.e.e.d.ProjectDependencyDialectLocator - Help file found: LayoutDialect.xml
2022-08-07 22:29:07,997 [pool-11-thread-1] INFO  o.t.e.e.d.ProjectDependencyDialectLocator - Help file found: Java8Time.xml
2022-08-07 22:29:08,429 [pool-11-thread-1] INFO  o.t.e.e.d.ProjectDependencyDialectLocator - Help file found: Standard-Dialect.xml
2022-08-08 10:13:24,682 [Worker-4: Loading available Gradle versions] INFO  o.e.b.c.i.u.g.PublishedGradleVersions - Gradle version information cache is out-of-date. Trying to update.
2022-08-08 14:04:20,339 [Worker-4: Loading available Gradle versions] INFO  o.e.b.c.i.u.g.PublishedGradleVersions - Gradle version information cache is up-to-date. Trying to read.
2022-08-08 14:34:19,499 [Worker-3: Loading available Gradle versions] INFO  o.e.b.c.i.u.g.PublishedGradleVersions - Gradle version information cache is up-to-date. Trying to read.
2022-08-08 15:11:40,335 [Worker-6: Loading available Gradle versions] INFO  o.e.b.c.i.u.g.PublishedGradleVersions - Gradle version information cache is up-to-date. Trying to read.
2022-08-10 09:37:49,777 [Worker-0: Loading available Gradle versions] INFO  o.e.b.c.i.u.g.PublishedGradleVersions - Gradle version information cache is up-to-date. Trying to read.
2022-08-10 10:35:34,314 [Worker-3: Loading available Gradle versions] INFO  o.e.b.c.i.u.g.PublishedGradleVersions - Gradle version information cache is up-to-date. Trying to read.
2022-08-10 11:09:59,835 [main] INFO  o.t.e.e.d.ProjectDependencyDialectLocator - Scanning for dialect help files on project dependencies
2022-08-10 11:10:00,294 [pool-13-thread-2] INFO  o.t.e.e.d.ProjectDependencyDialectLocator - Help file found: Spring-Security-Dialect.xml
2022-08-10 11:10:00,347 [pool-13-thread-3] INFO  o.t.e.e.d.ProjectDependencyDialectLocator - Help file found: Java8Time.xml
2022-08-10 11:10:00,362 [pool-13-thread-2] INFO  o.t.e.e.d.ProjectDependencyDialectLocator - Help file found: Standard-Dialect.xml
2022-08-11 09:04:34,917 [Worker-4: Loading available Gradle versions] INFO  o.e.b.c.i.u.g.PublishedGradleVersions - Gradle version information cache is out-of-date. Trying to update.
2022-08-11 10:14:18,299 [main] INFO  o.t.e.e.d.ProjectDependencyDialectLocator - Scanning for dialect help files on project dependencies
2022-08-11 10:14:18,858 [pool-14-thread-1] INFO  o.t.e.e.d.ProjectDependencyDialectLocator - Help file found: LayoutDialect.xml
2022-08-11 10:14:18,861 [pool-14-thread-3] INFO  o.t.e.e.d.ProjectDependencyDialectLocator - Help file found: Java8Time.xml
2022-08-11 10:14:18,859 [pool-14-thread-4] INFO  o.t.e.e.d.ProjectDependencyDialectLocator - Help file found: Spring-Security-Dialect.xml
2022-08-11 10:14:18,892 [pool-14-thread-1] INFO  o.t.e.e.d.ProjectDependencyDialectLocator - Help file found: Standard-Dialect.xml
2022-08-11 15:32:39,374 [Worker-5: Loading available Gradle versions] INFO  o.e.b.c.i.u.g.PublishedGradleVersions - Gradle version information cache is up-to-date. Trying to read.
2022-08-11 20:52:40,910 [Worker-3: Loading available Gradle versions] INFO  o.e.b.c.i.u.g.PublishedGradleVersions - Gradle version information cache is up-to-date. Trying to read.
2022-08-12 01:12:09,434 [main] INFO  o.t.e.e.d.ProjectDependencyDialectLocator - Scanning for dialect help files on project dependencies
2022-08-12 01:12:10,051 [pool-19-thread-4] INFO  o.t.e.e.d.ProjectDependencyDialectLocator - Help file found: LayoutDialect.xml
2022-08-12 01:12:10,039 [pool-19-thread-2] INFO  o.t.e.e.d.ProjectDependencyDialectLocator - Help file found: Spring-Security-Dialect.xml
2022-08-12 01:12:10,039 [pool-19-thread-1] INFO  o.t.e.e.d.ProjectDependencyDialectLocator - Help file found: Java8Time.xml
2022-08-12 01:12:10,102 [pool-19-thread-4] INFO  o.t.e.e.d.ProjectDependencyDialectLocator - Help file found: Standard-Dialect.xml
2022-08-12 09:24:31,588 [Worker-5: Loading available Gradle versions] INFO  o.e.b.c.i.u.g.PublishedGradleVersions - Gradle version information cache is out-of-date. Trying to update.
2022-08-12 11:22:57,880 [main] INFO  o.t.e.e.d.ProjectDependencyDialectLocator - Scanning for dialect help files on project dependencies
2022-08-12 11:22:58,657 [pool-11-thread-2] INFO  o.t.e.e.d.ProjectDependencyDialectLocator - Help file found: Java8Time.xml
2022-08-12 11:22:58,657 [pool-11-thread-4] INFO  o.t.e.e.d.ProjectDependencyDialectLocator - Help file found: Spring-Security-Dialect.xml
2022-08-12 11:22:58,649 [pool-11-thread-3] INFO  o.t.e.e.d.ProjectDependencyDialectLocator - Help file found: LayoutDialect.xml
2022-08-12 11:22:58,684 [pool-11-thread-2] INFO  o.t.e.e.d.ProjectDependencyDialectLocator - Help file found: Standard-Dialect.xml
2022-08-16 09:05:09,403 [Worker-5: Loading available Gradle versions] INFO  o.e.b.c.i.u.g.PublishedGradleVersions - Gradle version information cache is up-to-date. Trying to read.
2022-08-16 09:24:36,312 [main] INFO  o.t.e.e.d.ProjectDependencyDialectLocator - Scanning for dialect help files on project dependencies
2022-08-16 09:24:37,015 [pool-10-thread-2] INFO  o.t.e.e.d.ProjectDependencyDialectLocator - Help file found: LayoutDialect.xml
2022-08-16 09:24:37,071 [pool-10-thread-2] INFO  o.t.e.e.d.ProjectDependencyDialectLocator - Help file found: Spring-Security-Dialect.xml
2022-08-16 09:24:37,074 [pool-10-thread-1] INFO  o.t.e.e.d.ProjectDependencyDialectLocator - Help file found: Java8Time.xml
2022-08-16 09:24:37,101 [pool-10-thread-2] INFO  o.t.e.e.d.ProjectDependencyDialectLocator - Help file found: Standard-Dialect.xml
2022-08-17 09:15:11,505 [Worker-6: Loading available Gradle versions] INFO  o.e.b.c.i.u.g.PublishedGradleVersions - Gradle version information cache is up-to-date. Trying to read.
2022-08-17 12:13:49,845 [main] INFO  o.t.e.e.d.ProjectDependencyDialectLocator - Scanning for dialect help files on project dependencies
2022-08-17 12:13:50,481 [pool-15-thread-4] INFO  o.t.e.e.d.ProjectDependencyDialectLocator - Help file found: Spring-Security-Dialect.xml
2022-08-17 12:13:50,473 [pool-15-thread-2] INFO  o.t.e.e.d.ProjectDependencyDialectLocator - Help file found: LayoutDialect.xml
2022-08-17 12:13:50,502 [pool-15-thread-1] INFO  o.t.e.e.d.ProjectDependencyDialectLocator - Help file found: Java8Time.xml
2022-08-17 12:13:50,541 [pool-15-thread-4] INFO  o.t.e.e.d.ProjectDependencyDialectLocator - Help file found: Standard-Dialect.xml
2022-08-18 09:02:38,472 [Worker-2: Loading available Gradle versions] INFO  o.e.b.c.i.u.g.PublishedGradleVersions - Gradle version information cache is up-to-date. Trying to read.
2022-08-18 12:05:51,210 [main] INFO  o.t.e.e.d.ProjectDependencyDialectLocator - Scanning for dialect help files on project dependencies
2022-08-18 12:05:52,686 [pool-14-thread-1] INFO  o.t.e.e.d.ProjectDependencyDialectLocator - Help file found: Spring-Security-Dialect.xml
2022-08-18 12:05:52,686 [pool-14-thread-4] INFO  o.t.e.e.d.ProjectDependencyDialectLocator - Help file found: LayoutDialect.xml
2022-08-18 12:05:52,721 [pool-14-thread-2] INFO  o.t.e.e.d.ProjectDependencyDialectLocator - Help file found: Java8Time.xml
2022-08-18 12:05:52,827 [pool-14-thread-3] INFO  o.t.e.e.d.ProjectDependencyDialectLocator - Help file found: Standard-Dialect.xml
2022-08-18 22:55:06,880 [Worker-5: Loading available Gradle versions] INFO  o.e.b.c.i.u.g.PublishedGradleVersions - Gradle version information cache is up-to-date. Trying to read.
2022-08-19 09:23:42,687 [Worker-4: Loading available Gradle versions] INFO  o.e.b.c.i.u.g.PublishedGradleVersions - Gradle version information cache is out-of-date. Trying to update.
2022-08-19 21:24:50,021 [Worker-2: Loading available Gradle versions] INFO  o.e.b.c.i.u.g.PublishedGradleVersions - Gradle version information cache is up-to-date. Trying to read.
2022-08-20 13:07:33,508 [Worker-5: Loading available Gradle versions] INFO  o.e.b.c.i.u.g.PublishedGradleVersions - Gradle version information cache is out-of-date. Trying to update.
2022-08-21 13:07:48,772 [Worker-6: Loading available Gradle versions] INFO  o.e.b.c.i.u.g.PublishedGradleVersions - Gradle version information cache is out-of-date. Trying to update.
2022-08-21 20:07:54,063 [main] INFO  o.t.e.e.d.ProjectDependencyDialectLocator - Scanning for dialect help files on project dependencies
2022-08-21 20:07:54,886 [pool-13-thread-4] INFO  o.t.e.e.d.ProjectDependencyDialectLocator - Help file found: Java8Time.xml
2022-08-21 20:07:54,886 [pool-13-thread-3] INFO  o.t.e.e.d.ProjectDependencyDialectLocator - Help file found: LayoutDialect.xml
2022-08-21 20:07:54,886 [pool-13-thread-2] INFO  o.t.e.e.d.ProjectDependencyDialectLocator - Help file found: Spring-Security-Dialect.xml
2022-08-21 20:07:54,935 [pool-13-thread-2] INFO  o.t.e.e.d.ProjectDependencyDialectLocator - Help file found: Standard-Dialect.xml
2022-08-22 09:04:30,208 [Worker-0: Loading available Gradle versions] INFO  o.e.b.c.i.u.g.PublishedGradleVersions - Gradle version information cache is up-to-date. Trying to read.
2022-08-22 21:18:00,612 [Worker-5: Loading available Gradle versions] INFO  o.e.b.c.i.u.g.PublishedGradleVersions - Gradle version information cache is out-of-date. Trying to update.
2022-08-22 23:58:03,017 [main] INFO  o.t.e.e.d.ProjectDependencyDialectLocator - Scanning for dialect help files on project dependencies
2022-08-22 23:58:03,641 [pool-11-thread-4] INFO  o.t.e.e.d.ProjectDependencyDialectLocator - Help file found: Java8Time.xml
2022-08-22 23:58:03,638 [pool-11-thread-3] INFO  o.t.e.e.d.ProjectDependencyDialectLocator - Help file found: Spring-Security-Dialect.xml
2022-08-22 23:58:03,635 [pool-11-thread-1] INFO  o.t.e.e.d.ProjectDependencyDialectLocator - Help file found: LayoutDialect.xml
2022-08-22 23:58:03,722 [pool-11-thread-3] INFO  o.t.e.e.d.ProjectDependencyDialectLocator - Help file found: Standard-Dialect.xml
2022-08-23 09:15:14,404 [Worker-5: Loading available Gradle versions] INFO  o.e.b.c.i.u.g.PublishedGradleVersions - Gradle version information cache is up-to-date. Trying to read.
2022-08-23 09:34:52,178 [main] INFO  o.t.e.e.d.ProjectDependencyDialectLocator - Scanning for dialect help files on project dependencies
2022-08-23 09:34:52,854 [pool-10-thread-2] INFO  o.t.e.e.d.ProjectDependencyDialectLocator - Help file found: Java8Time.xml
2022-08-23 09:34:52,865 [pool-10-thread-3] INFO  o.t.e.e.d.ProjectDependencyDialectLocator - Help file found: LayoutDialect.xml
2022-08-23 09:34:52,888 [pool-10-thread-1] INFO  o.t.e.e.d.ProjectDependencyDialectLocator - Help file found: Spring-Security-Dialect.xml
2022-08-23 09:34:52,918 [pool-10-thread-2] INFO  o.t.e.e.d.ProjectDependencyDialectLocator - Help file found: Standard-Dialect.xml
2022-08-23 15:40:09,802 [Text Viewer Hover Presenter] INFO  o.t.e.e.d.ProjectDependencyDialectLocator - Scanning for dialect help files on project dependencies
2022-08-23 15:40:10,036 [pool-18-thread-3] INFO  o.t.e.e.d.ProjectDependencyDialectLocator - Help file found: LayoutDialect.xml
2022-08-23 15:40:10,046 [pool-18-thread-4] INFO  o.t.e.e.d.ProjectDependencyDialectLocator - Help file found: Spring-Security-Dialect.xml
2022-08-23 15:40:10,135 [pool-18-thread-3] INFO  o.t.e.e.d.ProjectDependencyDialectLocator - Help file found: Java8Time.xml
2022-08-23 15:40:10,321 [pool-18-thread-2] INFO  o.t.e.e.d.ProjectDependencyDialectLocator - Help file found: Standard-Dialect.xml
2022-08-23 19:01:24,486 [Worker-0: Loading available Gradle versions] INFO  o.e.b.c.i.u.g.PublishedGradleVersions - Gradle version information cache is up-to-date. Trying to read.
2022-08-23 19:38:09,889 [main] INFO  o.t.e.e.d.ProjectDependencyDialectLocator - Scanning for dialect help files on project dependencies
2022-08-23 19:38:10,690 [pool-10-thread-1] INFO  o.t.e.e.d.ProjectDependencyDialectLocator - Help file found: LayoutDialect.xml
2022-08-23 19:38:10,691 [pool-10-thread-3] INFO  o.t.e.e.d.ProjectDependencyDialectLocator - Help file found: Spring-Security-Dialect.xml
2022-08-23 19:38:10,827 [pool-10-thread-1] INFO  o.t.e.e.d.ProjectDependencyDialectLocator - Help file found: Java8Time.xml
2022-08-23 19:38:11,133 [pool-10-thread-2] INFO  o.t.e.e.d.ProjectDependencyDialectLocator - Help file found: Standard-Dialect.xml
2022-08-24 09:14:49,927 [Worker-5: Loading available Gradle versions] INFO  o.e.b.c.i.u.g.PublishedGradleVersions - Gradle version information cache is out-of-date. Trying to update.
2022-08-24 09:14:51,127 [Worker-5: Loading available Gradle versions] INFO  o.e.b.c.i.u.g.PublishedGradleVersions - Updating Gradle version information cache failed. Using outdated cache.
2022-08-24 10:26:41,929 [main] INFO  o.t.e.e.d.ProjectDependencyDialectLocator - Scanning for dialect help files on project dependencies
2022-08-24 10:26:42,639 [pool-10-thread-2] INFO  o.t.e.e.d.ProjectDependencyDialectLocator - Help file found: Spring-Security-Dialect.xml
2022-08-24 10:26:42,650 [pool-10-thread-4] INFO  o.t.e.e.d.ProjectDependencyDialectLocator - Help file found: Java8Time.xml
2022-08-24 10:26:42,668 [pool-10-thread-3] INFO  o.t.e.e.d.ProjectDependencyDialectLocator - Help file found: LayoutDialect.xml
2022-08-24 10:26:42,698 [pool-10-thread-1] INFO  o.t.e.e.d.ProjectDependencyDialectLocator - Help file found: Standard-Dialect.xml
2022-08-24 20:37:49,428 [Worker-3: Loading available Gradle versions] INFO  o.e.b.c.i.u.g.PublishedGradleVersions - Gradle version information cache is out-of-date. Trying to update.
2022-08-25 03:11:19,302 [main] INFO  o.t.e.e.d.ProjectDependencyDialectLocator - Scanning for dialect help files on project dependencies
2022-08-25 03:11:20,399 [pool-10-thread-4] INFO  o.t.e.e.d.ProjectDependencyDialectLocator - Help file found: Spring-Security-Dialect.xml
2022-08-25 03:11:20,399 [pool-10-thread-2] INFO  o.t.e.e.d.ProjectDependencyDialectLocator - Help file found: LayoutDialect.xml
2022-08-25 03:11:20,399 [pool-10-thread-1] INFO  o.t.e.e.d.ProjectDependencyDialectLocator - Help file found: Java8Time.xml
2022-08-25 03:11:20,458 [pool-10-thread-1] INFO  o.t.e.e.d.ProjectDependencyDialectLocator - Help file found: Standard-Dialect.xml
2022-08-25 09:08:05,253 [Worker-4: Loading available Gradle versions] INFO  o.e.b.c.i.u.g.PublishedGradleVersions - Gradle version information cache is up-to-date. Trying to read.
